[0mGET /grades [32m200 [0m12.140 ms - 104[0m
[0mGET /grades/1 [32m200 [0m5.082 ms - 52[0m
[0mDELETE /grades/1 [32m200 [0m1.248 ms - 16[0m
[0mDELETE /grades [33m404 [0m263.670 ms - 993[0m
[0mGET /grades [32m200 [0m6.132 ms - 104[0m
[0mGET /grades/1 [32m200 [0m4.143 ms - 52[0m
[0mGET /grades [31m500 [0m251.754 ms - 1082[0m
[0mGET /grades [31m500 [0m313.396 ms - 1082[0m
[0mGET /grades [32m200 [0m10.599 ms - 104[0m
[0mGET /grades [32m200 [0m12.320 ms - 104[0m
[0mPOST /grades/ [32m200 [0m2.567 ms - 14[0m
[0mGET /grades [32m200 [0m1.215 ms - 107[0m
[0mPOST /grades/ [32m200 [0m0.332 ms - 14[0m
[0mGET /grades [32m200 [0m0.977 ms - 110[0m
[0mGET /grades [32m200 [0m8.893 ms - 104[0m
[0mPOST /grades/ [32m200 [0m17.475 ms - 14[0m
[0mGET /grades [32m200 [0m1.494 ms - 157[0m
[0mGET /grades/1 [32m200 [0m1.757 ms - 52[0m
[0mGET /grades/3 [32m200 [0m1.118 ms - 52[0m
[0mGET /grades/4 [32m200 [0m11.493 ms - 19[0m
[0mGET /grades/1 [32m200 [0m3.624 ms - 52[0m
[0mDELETE /grades/1 [32m200 [0m0.646 ms - 16[0m
[0mGET /grades/1 [32m200 [0m1.479 ms - 19[0m
[0mGET /grades/ [32m200 [0m1.249 ms - 51[0m
[0mPOST /grades/ [32m200 [0m18.161 ms - 14[0m
[0mGET /grades/ [32m200 [0m1.159 ms - 104[0m
[0mGET / [33m404 [0m199.941 ms - 1049[0m
[0mGET /stylesheets/style.css [36m304 [0m2.030 ms - -[0m
[0mGET /grades [36m304 [0m2.448 ms - -[0m
[0mPOST /grades/ [32m200 [0m5.206 ms - 14[0m
[0mGET /grades/ [32m200 [0m2.258 ms - 107[0m
[0mGET /grades/ [32m200 [0m6.321 ms - 104[0m
[0mGET /grades/ [32m200 [0m6.437 ms - 104[0m
[0mGET /grades/1 [32m200 [0m2.736 ms - 52[0m
[0mGET /grades/1 [32m200 [0m11.040 ms - 52[0m
[0mGET /grades/1 [32m200 [0m10.378 ms - 52[0m
[0mGET /grades/1 [32m200 [0m10.281 ms - 52[0m
[0mGET /grades/1 [32m200 [0m9.308 ms - 52[0m
[0mGET /grades [32m200 [0m2.058 ms - 104[0m
[0mPOST /grades/ [32m200 [0m12.674 ms - 14[0m
[0mGET /grades [32m200 [0m1.385 ms - 157[0m
[0mGET /grades [32m200 [0m7.296 ms - 104[0m
[0mPOST /grades/ [32m200 [0m13.708 ms - 14[0m
[0mGET /grades [32m200 [0m1.767 ms - 157[0m
[0mGET /grades [32m200 [0m6.743 ms - 104[0m
[0mPOST /grades/ [32m200 [0m12.239 ms - 14[0m
[0mPOST /grades/ [33m400 [0m210.025 ms - 939[0m
[0mPOST /grades/ [32m200 [0m5.853 ms - 14[0m
[0mPOST /grades/ [32m200 [0m5.431 ms - 14[0m
[0mGET /grades [32m200 [0m4.401 ms - 107[0m
[0mPOST /grades/ [32m200 [0m6.963 ms - 14[0m
[0mGET /grades [32m200 [0m4.934 ms - 107[0m
[0mGET /grades [32m200 [0m7.192 ms - 104[0m
[0mPOST /grades/ [32m200 [0m1.929 ms - 14[0m
[0mPOST /grades/ [32m200 [0m0.598 ms - 14[0m
[0mGET /grades [32m200 [0m0.826 ms - 110[0m
[0mGET /grades [32m200 [0m8.344 ms - 104[0m
[0mPOST /grades/ [32m200 [0m16.055 ms - 14[0m
[0mGET /grades [32m200 [0m0.796 ms - 157[0m
